

Started GET "/" for ::1 at 2015-09-26 11:36:40 +0800

PG::ConnectionBad (could not connect to server: No such file or directory
	Is the server running locally and accepting
	connections on Unix domain socket "/tmp/.s.PGSQL.5432"?
):
  activerecord (4.2.2) lib/active_record/connection_adapters/postgresql_adapter.rb:651:in `initialize'
  activerecord (4.2.2) lib/active_record/connection_adapters/postgresql_adapter.rb:651:in `new'
  activerecord (4.2.2) lib/active_record/connection_adapters/postgresql_adapter.rb:651:in `connect'
  activerecord (4.2.2) lib/active_record/connection_adapters/postgresql_adapter.rb:242:in `initialize'
  activerecord (4.2.2) lib/active_record/connection_adapters/postgresql_adapter.rb:44:in `new'
  activerecord (4.2.2) lib/active_record/connection_adapters/postgresql_adapter.rb:44:in `postgresql_connection'
  activerecord (4.2.2) lib/active_record/connection_adapters/abstract/connection_pool.rb:438:in `new_connection'
  activerecord (4.2.2) lib/active_record/connection_adapters/abstract/connection_pool.rb:448:in `checkout_new_connection'
  activerecord (4.2.2) lib/active_record/connection_adapters/abstract/connection_pool.rb:422:in `acquire_connection'
  activerecord (4.2.2) lib/active_record/connection_adapters/abstract/connection_pool.rb:349:in `block in checkout'
  /usr/local/Cellar/ruby/2.2.2/lib/ruby/2.2.0/monitor.rb:211:in `mon_synchronize'
  activerecord (4.2.2) lib/active_record/connection_adapters/abstract/connection_pool.rb:348:in `checkout'
  activerecord (4.2.2) lib/active_record/connection_adapters/abstract/connection_pool.rb:263:in `block in connection'
  /usr/local/Cellar/ruby/2.2.2/lib/ruby/2.2.0/monitor.rb:211:in `mon_synchronize'
  activerecord (4.2.2) lib/active_record/connection_adapters/abstract/connection_pool.rb:262:in `connection'
  activerecord (4.2.2) lib/active_record/connection_adapters/abstract/connection_pool.rb:567:in `retrieve_connection'
  activerecord (4.2.2) lib/active_record/connection_handling.rb:113:in `retrieve_connection'
  activerecord (4.2.2) lib/active_record/connection_handling.rb:87:in `connection'
  activerecord (4.2.2) lib/active_record/migration.rb:384:in `connection'
  activerecord (4.2.2) lib/active_record/migration.rb:371:in `call'
  actionpack (4.2.2) lib/action_dispatch/middleware/callbacks.rb:29:in `block in call'
  activesupport (4.2.2) lib/active_support/callbacks.rb:88:in `call'
  activesupport (4.2.2) lib/active_support/callbacks.rb:88:in `_run_callbacks'
  activesupport (4.2.2) lib/active_support/callbacks.rb:776:in `_run_call_callbacks'
  activesupport (4.2.2) lib/active_support/callbacks.rb:81:in `run_callbacks'
  actionpack (4.2.2) lib/action_dispatch/middleware/callbacks.rb:27:in `call'
  actionpack (4.2.2) lib/action_dispatch/middleware/reloader.rb:73:in `call'
  actionpack (4.2.2) lib/action_dispatch/middleware/remote_ip.rb:78:in `call'
  actionpack (4.2.2) lib/action_dispatch/middleware/debug_exceptions.rb:17:in `call'
  web-console (2.2.1) lib/web_console/middleware.rb:39:in `call'
  actionpack (4.2.2) lib/action_dispatch/middleware/show_exceptions.rb:30:in `call'
  railties (4.2.2) lib/rails/rack/logger.rb:38:in `call_app'
  railties (4.2.2) lib/rails/rack/logger.rb:20:in `block in call'
  activesupport (4.2.2) lib/active_support/tagged_logging.rb:68:in `block in tagged'
  activesupport (4.2.2) lib/active_support/tagged_logging.rb:26:in `tagged'
  activesupport (4.2.2) lib/active_support/tagged_logging.rb:68:in `tagged'
  railties (4.2.2) lib/rails/rack/logger.rb:20:in `call'
  actionpack (4.2.2) lib/action_dispatch/middleware/request_id.rb:21:in `call'
  rack (1.6.4) lib/rack/methodoverride.rb:22:in `call'
  rack (1.6.4) lib/rack/runtime.rb:18:in `call'
  activesupport (4.2.2) lib/active_support/cache/strategy/local_cache_middleware.rb:28:in `call'
  rack (1.6.4) lib/rack/lock.rb:17:in `call'
  actionpack (4.2.2) lib/action_dispatch/middleware/static.rb:113:in `call'
  rack (1.6.4) lib/rack/sendfile.rb:113:in `call'
  railties (4.2.2) lib/rails/engine.rb:518:in `call'
  railties (4.2.2) lib/rails/application.rb:164:in `call'
  rack (1.6.4) lib/rack/lock.rb:17:in `call'
  rack (1.6.4) lib/rack/content_length.rb:15:in `call'
  rack (1.6.4) lib/rack/handler/webrick.rb:88:in `service'
  /usr/local/Cellar/ruby/2.2.2/lib/ruby/2.2.0/webrick/httpserver.rb:138:in `service'
  /usr/local/Cellar/ruby/2.2.2/lib/ruby/2.2.0/webrick/httpserver.rb:94:in `run'
  /usr/local/Cellar/ruby/2.2.2/lib/ruby/2.2.0/webrick/server.rb:294:in `block in start_thread'


  Rendered /usr/local/lib/ruby/gems/2.2.0/gems/actionpack-4.2.2/lib/action_dispatch/middleware/templates/rescues/_source.erb (3.1ms)
  Rendered /usr/local/lib/ruby/gems/2.2.0/gems/actionpack-4.2.2/lib/action_dispatch/middleware/templates/rescues/_trace.html.erb (2.2ms)
  Rendered /usr/local/lib/ruby/gems/2.2.0/gems/actionpack-4.2.2/lib/action_dispatch/middleware/templates/rescues/_request_and_response.html.erb (1.1ms)
  Rendered /usr/local/lib/ruby/gems/2.2.0/gems/actionpack-4.2.2/lib/action_dispatch/middleware/templates/rescues/diagnostics.html.erb within rescues/layout (67.4ms)
  Rendered /usr/local/lib/ruby/gems/2.2.0/gems/web-console-2.2.1/lib/web_console/templates/_markup.html.erb (0.7ms)
  Rendered /usr/local/lib/ruby/gems/2.2.0/gems/web-console-2.2.1/lib/web_console/templates/_inner_console_markup.html.erb within layouts/inlined_string (0.4ms)
  Rendered /usr/local/lib/ruby/gems/2.2.0/gems/web-console-2.2.1/lib/web_console/templates/_prompt_box_markup.html.erb within layouts/inlined_string (0.3ms)
  Rendered /usr/local/lib/ruby/gems/2.2.0/gems/web-console-2.2.1/lib/web_console/templates/style.css.erb within layouts/inlined_string (0.4ms)
  Rendered /usr/local/lib/ruby/gems/2.2.0/gems/web-console-2.2.1/lib/web_console/templates/console.js.erb within layouts/javascript (56.7ms)
  Rendered /usr/local/lib/ruby/gems/2.2.0/gems/web-console-2.2.1/lib/web_console/templates/main.js.erb within layouts/javascript (0.3ms)
  Rendered /usr/local/lib/ruby/gems/2.2.0/gems/web-console-2.2.1/lib/web_console/templates/error_page.js.erb within layouts/javascript (0.4ms)
  Rendered /usr/local/lib/ruby/gems/2.2.0/gems/web-console-2.2.1/lib/web_console/templates/index.html.erb (124.0ms)


Started GET "/" for ::1 at 2015-09-26 12:22:43 +0800

PG::ConnectionBad (could not connect to server: No such file or directory
	Is the server running locally and accepting
	connections on Unix domain socket "/tmp/.s.PGSQL.5432"?
):
  activerecord (4.2.2) lib/active_record/connection_adapters/postgresql_adapter.rb:651:in `initialize'
  activerecord (4.2.2) lib/active_record/connection_adapters/postgresql_adapter.rb:651:in `new'
  activerecord (4.2.2) lib/active_record/connection_adapters/postgresql_adapter.rb:651:in `connect'
  activerecord (4.2.2) lib/active_record/connection_adapters/postgresql_adapter.rb:242:in `initialize'
  activerecord (4.2.2) lib/active_record/connection_adapters/postgresql_adapter.rb:44:in `new'
  activerecord (4.2.2) lib/active_record/connection_adapters/postgresql_adapter.rb:44:in `postgresql_connection'
  activerecord (4.2.2) lib/active_record/connection_adapters/abstract/connection_pool.rb:438:in `new_connection'
  activerecord (4.2.2) lib/active_record/connection_adapters/abstract/connection_pool.rb:448:in `checkout_new_connection'
  activerecord (4.2.2) lib/active_record/connection_adapters/abstract/connection_pool.rb:422:in `acquire_connection'
  activerecord (4.2.2) lib/active_record/connection_adapters/abstract/connection_pool.rb:349:in `block in checkout'
  /usr/local/Cellar/ruby/2.2.2/lib/ruby/2.2.0/monitor.rb:211:in `mon_synchronize'
  activerecord (4.2.2) lib/active_record/connection_adapters/abstract/connection_pool.rb:348:in `checkout'
  activerecord (4.2.2) lib/active_record/connection_adapters/abstract/connection_pool.rb:263:in `block in connection'
  /usr/local/Cellar/ruby/2.2.2/lib/ruby/2.2.0/monitor.rb:211:in `mon_synchronize'
  activerecord (4.2.2) lib/active_record/connection_adapters/abstract/connection_pool.rb:262:in `connection'
  activerecord (4.2.2) lib/active_record/connection_adapters/abstract/connection_pool.rb:567:in `retrieve_connection'
  activerecord (4.2.2) lib/active_record/connection_handling.rb:113:in `retrieve_connection'
  activerecord (4.2.2) lib/active_record/connection_handling.rb:87:in `connection'
  activerecord (4.2.2) lib/active_record/migration.rb:384:in `connection'
  activerecord (4.2.2) lib/active_record/migration.rb:371:in `call'
  actionpack (4.2.2) lib/action_dispatch/middleware/callbacks.rb:29:in `block in call'
  activesupport (4.2.2) lib/active_support/callbacks.rb:88:in `call'
  activesupport (4.2.2) lib/active_support/callbacks.rb:88:in `_run_callbacks'
  activesupport (4.2.2) lib/active_support/callbacks.rb:776:in `_run_call_callbacks'
  activesupport (4.2.2) lib/active_support/callbacks.rb:81:in `run_callbacks'
  actionpack (4.2.2) lib/action_dispatch/middleware/callbacks.rb:27:in `call'
  actionpack (4.2.2) lib/action_dispatch/middleware/reloader.rb:73:in `call'
  actionpack (4.2.2) lib/action_dispatch/middleware/remote_ip.rb:78:in `call'
  actionpack (4.2.2) lib/action_dispatch/middleware/debug_exceptions.rb:17:in `call'
  web-console (2.2.1) lib/web_console/middleware.rb:39:in `call'
  actionpack (4.2.2) lib/action_dispatch/middleware/show_exceptions.rb:30:in `call'
  railties (4.2.2) lib/rails/rack/logger.rb:38:in `call_app'
  railties (4.2.2) lib/rails/rack/logger.rb:20:in `block in call'
  activesupport (4.2.2) lib/active_support/tagged_logging.rb:68:in `block in tagged'
  activesupport (4.2.2) lib/active_support/tagged_logging.rb:26:in `tagged'
  activesupport (4.2.2) lib/active_support/tagged_logging.rb:68:in `tagged'
  railties (4.2.2) lib/rails/rack/logger.rb:20:in `call'
  actionpack (4.2.2) lib/action_dispatch/middleware/request_id.rb:21:in `call'
  rack (1.6.4) lib/rack/methodoverride.rb:22:in `call'
  rack (1.6.4) lib/rack/runtime.rb:18:in `call'
  activesupport (4.2.2) lib/active_support/cache/strategy/local_cache_middleware.rb:28:in `call'
  rack (1.6.4) lib/rack/lock.rb:17:in `call'
  actionpack (4.2.2) lib/action_dispatch/middleware/static.rb:113:in `call'
  rack (1.6.4) lib/rack/sendfile.rb:113:in `call'
  railties (4.2.2) lib/rails/engine.rb:518:in `call'
  railties (4.2.2) lib/rails/application.rb:164:in `call'
  rack (1.6.4) lib/rack/lock.rb:17:in `call'
  rack (1.6.4) lib/rack/content_length.rb:15:in `call'
  rack (1.6.4) lib/rack/handler/webrick.rb:88:in `service'
  /usr/local/Cellar/ruby/2.2.2/lib/ruby/2.2.0/webrick/httpserver.rb:138:in `service'
  /usr/local/Cellar/ruby/2.2.2/lib/ruby/2.2.0/webrick/httpserver.rb:94:in `run'
  /usr/local/Cellar/ruby/2.2.2/lib/ruby/2.2.0/webrick/server.rb:294:in `block in start_thread'


  Rendered /usr/local/lib/ruby/gems/2.2.0/gems/actionpack-4.2.2/lib/action_dispatch/middleware/templates/rescues/_source.erb (3.8ms)
  Rendered /usr/local/lib/ruby/gems/2.2.0/gems/actionpack-4.2.2/lib/action_dispatch/middleware/templates/rescues/_trace.html.erb (3.4ms)
  Rendered /usr/local/lib/ruby/gems/2.2.0/gems/actionpack-4.2.2/lib/action_dispatch/middleware/templates/rescues/_request_and_response.html.erb (1.0ms)
  Rendered /usr/local/lib/ruby/gems/2.2.0/gems/actionpack-4.2.2/lib/action_dispatch/middleware/templates/rescues/diagnostics.html.erb within rescues/layout (64.0ms)
  Rendered /usr/local/lib/ruby/gems/2.2.0/gems/web-console-2.2.1/lib/web_console/templates/_markup.html.erb (0.4ms)
  Rendered /usr/local/lib/ruby/gems/2.2.0/gems/web-console-2.2.1/lib/web_console/templates/_inner_console_markup.html.erb within layouts/inlined_string (0.4ms)
  Rendered /usr/local/lib/ruby/gems/2.2.0/gems/web-console-2.2.1/lib/web_console/templates/_prompt_box_markup.html.erb within layouts/inlined_string (0.3ms)
  Rendered /usr/local/lib/ruby/gems/2.2.0/gems/web-console-2.2.1/lib/web_console/templates/style.css.erb within layouts/inlined_string (0.4ms)
  Rendered /usr/local/lib/ruby/gems/2.2.0/gems/web-console-2.2.1/lib/web_console/templates/console.js.erb within layouts/javascript (49.7ms)
  Rendered /usr/local/lib/ruby/gems/2.2.0/gems/web-console-2.2.1/lib/web_console/templates/main.js.erb within layouts/javascript (0.4ms)
  Rendered /usr/local/lib/ruby/gems/2.2.0/gems/web-console-2.2.1/lib/web_console/templates/error_page.js.erb within layouts/javascript (0.5ms)
  Rendered /usr/local/lib/ruby/gems/2.2.0/gems/web-console-2.2.1/lib/web_console/templates/index.html.erb (115.7ms)


Started GET "/" for ::1 at 2015-09-26 12:24:40 +0800

ActiveRecord::NoDatabaseError (FATAL:  database "cf-test" does not exist
):
  activerecord (4.2.2) lib/active_record/connection_adapters/postgresql_adapter.rb:661:in `rescue in connect'
  activerecord (4.2.2) lib/active_record/connection_adapters/postgresql_adapter.rb:651:in `connect'
  activerecord (4.2.2) lib/active_record/connection_adapters/postgresql_adapter.rb:242:in `initialize'
  activerecord (4.2.2) lib/active_record/connection_adapters/postgresql_adapter.rb:44:in `new'
  activerecord (4.2.2) lib/active_record/connection_adapters/postgresql_adapter.rb:44:in `postgresql_connection'
  activerecord (4.2.2) lib/active_record/connection_adapters/abstract/connection_pool.rb:438:in `new_connection'
  activerecord (4.2.2) lib/active_record/connection_adapters/abstract/connection_pool.rb:448:in `checkout_new_connection'
  activerecord (4.2.2) lib/active_record/connection_adapters/abstract/connection_pool.rb:422:in `acquire_connection'
  activerecord (4.2.2) lib/active_record/connection_adapters/abstract/connection_pool.rb:349:in `block in checkout'
  /usr/local/Cellar/ruby/2.2.2/lib/ruby/2.2.0/monitor.rb:211:in `mon_synchronize'
  activerecord (4.2.2) lib/active_record/connection_adapters/abstract/connection_pool.rb:348:in `checkout'
  activerecord (4.2.2) lib/active_record/connection_adapters/abstract/connection_pool.rb:263:in `block in connection'
  /usr/local/Cellar/ruby/2.2.2/lib/ruby/2.2.0/monitor.rb:211:in `mon_synchronize'
  activerecord (4.2.2) lib/active_record/connection_adapters/abstract/connection_pool.rb:262:in `connection'
  activerecord (4.2.2) lib/active_record/connection_adapters/abstract/connection_pool.rb:567:in `retrieve_connection'
  activerecord (4.2.2) lib/active_record/connection_handling.rb:113:in `retrieve_connection'
  activerecord (4.2.2) lib/active_record/connection_handling.rb:87:in `connection'
  activerecord (4.2.2) lib/active_record/migration.rb:384:in `connection'
  activerecord (4.2.2) lib/active_record/migration.rb:371:in `call'
  actionpack (4.2.2) lib/action_dispatch/middleware/callbacks.rb:29:in `block in call'
  activesupport (4.2.2) lib/active_support/callbacks.rb:88:in `call'
  activesupport (4.2.2) lib/active_support/callbacks.rb:88:in `_run_callbacks'
  activesupport (4.2.2) lib/active_support/callbacks.rb:776:in `_run_call_callbacks'
  activesupport (4.2.2) lib/active_support/callbacks.rb:81:in `run_callbacks'
  actionpack (4.2.2) lib/action_dispatch/middleware/callbacks.rb:27:in `call'
  actionpack (4.2.2) lib/action_dispatch/middleware/reloader.rb:73:in `call'
  actionpack (4.2.2) lib/action_dispatch/middleware/remote_ip.rb:78:in `call'
  actionpack (4.2.2) lib/action_dispatch/middleware/debug_exceptions.rb:17:in `call'
  web-console (2.2.1) lib/web_console/middleware.rb:39:in `call'
  actionpack (4.2.2) lib/action_dispatch/middleware/show_exceptions.rb:30:in `call'
  railties (4.2.2) lib/rails/rack/logger.rb:38:in `call_app'
  railties (4.2.2) lib/rails/rack/logger.rb:20:in `block in call'
  activesupport (4.2.2) lib/active_support/tagged_logging.rb:68:in `block in tagged'
  activesupport (4.2.2) lib/active_support/tagged_logging.rb:26:in `tagged'
  activesupport (4.2.2) lib/active_support/tagged_logging.rb:68:in `tagged'
  railties (4.2.2) lib/rails/rack/logger.rb:20:in `call'
  actionpack (4.2.2) lib/action_dispatch/middleware/request_id.rb:21:in `call'
  rack (1.6.4) lib/rack/methodoverride.rb:22:in `call'
  rack (1.6.4) lib/rack/runtime.rb:18:in `call'
  activesupport (4.2.2) lib/active_support/cache/strategy/local_cache_middleware.rb:28:in `call'
  rack (1.6.4) lib/rack/lock.rb:17:in `call'
  actionpack (4.2.2) lib/action_dispatch/middleware/static.rb:113:in `call'
  rack (1.6.4) lib/rack/sendfile.rb:113:in `call'
  railties (4.2.2) lib/rails/engine.rb:518:in `call'
  railties (4.2.2) lib/rails/application.rb:164:in `call'
  rack (1.6.4) lib/rack/lock.rb:17:in `call'
  rack (1.6.4) lib/rack/content_length.rb:15:in `call'
  rack (1.6.4) lib/rack/handler/webrick.rb:88:in `service'
  /usr/local/Cellar/ruby/2.2.2/lib/ruby/2.2.0/webrick/httpserver.rb:138:in `service'
  /usr/local/Cellar/ruby/2.2.2/lib/ruby/2.2.0/webrick/httpserver.rb:94:in `run'
  /usr/local/Cellar/ruby/2.2.2/lib/ruby/2.2.0/webrick/server.rb:294:in `block in start_thread'


  Rendered /usr/local/lib/ruby/gems/2.2.0/gems/actionpack-4.2.2/lib/action_dispatch/middleware/templates/rescues/_source.erb (3.4ms)
  Rendered /usr/local/lib/ruby/gems/2.2.0/gems/actionpack-4.2.2/lib/action_dispatch/middleware/templates/rescues/_trace.html.erb (2.0ms)
  Rendered /usr/local/lib/ruby/gems/2.2.0/gems/actionpack-4.2.2/lib/action_dispatch/middleware/templates/rescues/_request_and_response.html.erb (1.3ms)
  Rendered /usr/local/lib/ruby/gems/2.2.0/gems/actionpack-4.2.2/lib/action_dispatch/middleware/templates/rescues/diagnostics.html.erb within rescues/layout (69.1ms)
  Rendered /usr/local/lib/ruby/gems/2.2.0/gems/web-console-2.2.1/lib/web_console/templates/_markup.html.erb (0.7ms)
  Rendered /usr/local/lib/ruby/gems/2.2.0/gems/web-console-2.2.1/lib/web_console/templates/_inner_console_markup.html.erb within layouts/inlined_string (0.5ms)
  Rendered /usr/local/lib/ruby/gems/2.2.0/gems/web-console-2.2.1/lib/web_console/templates/_prompt_box_markup.html.erb within layouts/inlined_string (0.4ms)
  Rendered /usr/local/lib/ruby/gems/2.2.0/gems/web-console-2.2.1/lib/web_console/templates/style.css.erb within layouts/inlined_string (0.4ms)
  Rendered /usr/local/lib/ruby/gems/2.2.0/gems/web-console-2.2.1/lib/web_console/templates/console.js.erb within layouts/javascript (63.1ms)
  Rendered /usr/local/lib/ruby/gems/2.2.0/gems/web-console-2.2.1/lib/web_console/templates/main.js.erb within layouts/javascript (0.4ms)
  Rendered /usr/local/lib/ruby/gems/2.2.0/gems/web-console-2.2.1/lib/web_console/templates/error_page.js.erb within layouts/javascript (0.6ms)
  Rendered /usr/local/lib/ruby/gems/2.2.0/gems/web-console-2.2.1/lib/web_console/templates/index.html.erb (140.2ms)


Started GET "/" for ::1 at 2015-09-26 12:30:33 +0800

ActiveRecord::NoDatabaseError (FATAL:  database "cf_test" does not exist
):
  activerecord (4.2.2) lib/active_record/connection_adapters/postgresql_adapter.rb:661:in `rescue in connect'
  activerecord (4.2.2) lib/active_record/connection_adapters/postgresql_adapter.rb:651:in `connect'
  activerecord (4.2.2) lib/active_record/connection_adapters/postgresql_adapter.rb:242:in `initialize'
  activerecord (4.2.2) lib/active_record/connection_adapters/postgresql_adapter.rb:44:in `new'
  activerecord (4.2.2) lib/active_record/connection_adapters/postgresql_adapter.rb:44:in `postgresql_connection'
  activerecord (4.2.2) lib/active_record/connection_adapters/abstract/connection_pool.rb:438:in `new_connection'
  activerecord (4.2.2) lib/active_record/connection_adapters/abstract/connection_pool.rb:448:in `checkout_new_connection'
  activerecord (4.2.2) lib/active_record/connection_adapters/abstract/connection_pool.rb:422:in `acquire_connection'
  activerecord (4.2.2) lib/active_record/connection_adapters/abstract/connection_pool.rb:349:in `block in checkout'
  /usr/local/Cellar/ruby/2.2.2/lib/ruby/2.2.0/monitor.rb:211:in `mon_synchronize'
  activerecord (4.2.2) lib/active_record/connection_adapters/abstract/connection_pool.rb:348:in `checkout'
  activerecord (4.2.2) lib/active_record/connection_adapters/abstract/connection_pool.rb:263:in `block in connection'
  /usr/local/Cellar/ruby/2.2.2/lib/ruby/2.2.0/monitor.rb:211:in `mon_synchronize'
  activerecord (4.2.2) lib/active_record/connection_adapters/abstract/connection_pool.rb:262:in `connection'
  activerecord (4.2.2) lib/active_record/connection_adapters/abstract/connection_pool.rb:567:in `retrieve_connection'
  activerecord (4.2.2) lib/active_record/connection_handling.rb:113:in `retrieve_connection'
  activerecord (4.2.2) lib/active_record/connection_handling.rb:87:in `connection'
  activerecord (4.2.2) lib/active_record/migration.rb:384:in `connection'
  activerecord (4.2.2) lib/active_record/migration.rb:371:in `call'
  actionpack (4.2.2) lib/action_dispatch/middleware/callbacks.rb:29:in `block in call'
  activesupport (4.2.2) lib/active_support/callbacks.rb:88:in `call'
  activesupport (4.2.2) lib/active_support/callbacks.rb:88:in `_run_callbacks'
  activesupport (4.2.2) lib/active_support/callbacks.rb:776:in `_run_call_callbacks'
  activesupport (4.2.2) lib/active_support/callbacks.rb:81:in `run_callbacks'
  actionpack (4.2.2) lib/action_dispatch/middleware/callbacks.rb:27:in `call'
  actionpack (4.2.2) lib/action_dispatch/middleware/reloader.rb:73:in `call'
  actionpack (4.2.2) lib/action_dispatch/middleware/remote_ip.rb:78:in `call'
  actionpack (4.2.2) lib/action_dispatch/middleware/debug_exceptions.rb:17:in `call'
  web-console (2.2.1) lib/web_console/middleware.rb:39:in `call'
  actionpack (4.2.2) lib/action_dispatch/middleware/show_exceptions.rb:30:in `call'
  railties (4.2.2) lib/rails/rack/logger.rb:38:in `call_app'
  railties (4.2.2) lib/rails/rack/logger.rb:20:in `block in call'
  activesupport (4.2.2) lib/active_support/tagged_logging.rb:68:in `block in tagged'
  activesupport (4.2.2) lib/active_support/tagged_logging.rb:26:in `tagged'
  activesupport (4.2.2) lib/active_support/tagged_logging.rb:68:in `tagged'
  railties (4.2.2) lib/rails/rack/logger.rb:20:in `call'
  actionpack (4.2.2) lib/action_dispatch/middleware/request_id.rb:21:in `call'
  rack (1.6.4) lib/rack/methodoverride.rb:22:in `call'
  rack (1.6.4) lib/rack/runtime.rb:18:in `call'
  activesupport (4.2.2) lib/active_support/cache/strategy/local_cache_middleware.rb:28:in `call'
  rack (1.6.4) lib/rack/lock.rb:17:in `call'
  actionpack (4.2.2) lib/action_dispatch/middleware/static.rb:113:in `call'
  rack (1.6.4) lib/rack/sendfile.rb:113:in `call'
  railties (4.2.2) lib/rails/engine.rb:518:in `call'
  railties (4.2.2) lib/rails/application.rb:164:in `call'
  rack (1.6.4) lib/rack/lock.rb:17:in `call'
  rack (1.6.4) lib/rack/content_length.rb:15:in `call'
  rack (1.6.4) lib/rack/handler/webrick.rb:88:in `service'
  /usr/local/Cellar/ruby/2.2.2/lib/ruby/2.2.0/webrick/httpserver.rb:138:in `service'
  /usr/local/Cellar/ruby/2.2.2/lib/ruby/2.2.0/webrick/httpserver.rb:94:in `run'
  /usr/local/Cellar/ruby/2.2.2/lib/ruby/2.2.0/webrick/server.rb:294:in `block in start_thread'


  Rendered /usr/local/lib/ruby/gems/2.2.0/gems/actionpack-4.2.2/lib/action_dispatch/middleware/templates/rescues/_source.erb (6.3ms)
  Rendered /usr/local/lib/ruby/gems/2.2.0/gems/actionpack-4.2.2/lib/action_dispatch/middleware/templates/rescues/_trace.html.erb (2.9ms)
  Rendered /usr/local/lib/ruby/gems/2.2.0/gems/actionpack-4.2.2/lib/action_dispatch/middleware/templates/rescues/_request_and_response.html.erb (0.9ms)
  Rendered /usr/local/lib/ruby/gems/2.2.0/gems/actionpack-4.2.2/lib/action_dispatch/middleware/templates/rescues/diagnostics.html.erb within rescues/layout (69.8ms)
  Rendered /usr/local/lib/ruby/gems/2.2.0/gems/web-console-2.2.1/lib/web_console/templates/_markup.html.erb (0.7ms)
  Rendered /usr/local/lib/ruby/gems/2.2.0/gems/web-console-2.2.1/lib/web_console/templates/_inner_console_markup.html.erb within layouts/inlined_string (0.3ms)
  Rendered /usr/local/lib/ruby/gems/2.2.0/gems/web-console-2.2.1/lib/web_console/templates/_prompt_box_markup.html.erb within layouts/inlined_string (0.3ms)
  Rendered /usr/local/lib/ruby/gems/2.2.0/gems/web-console-2.2.1/lib/web_console/templates/style.css.erb within layouts/inlined_string (0.6ms)
  Rendered /usr/local/lib/ruby/gems/2.2.0/gems/web-console-2.2.1/lib/web_console/templates/console.js.erb within layouts/javascript (49.6ms)
  Rendered /usr/local/lib/ruby/gems/2.2.0/gems/web-console-2.2.1/lib/web_console/templates/main.js.erb within layouts/javascript (0.6ms)
  Rendered /usr/local/lib/ruby/gems/2.2.0/gems/web-console-2.2.1/lib/web_console/templates/error_page.js.erb within layouts/javascript (0.6ms)
  Rendered /usr/local/lib/ruby/gems/2.2.0/gems/web-console-2.2.1/lib/web_console/templates/index.html.erb (111.6ms)


Started GET "/" for ::1 at 2015-09-26 12:31:21 +0800

ActiveRecord::NoDatabaseError (FATAL:  database "cf_test" does not exist
):
  activerecord (4.2.2) lib/active_record/connection_adapters/postgresql_adapter.rb:661:in `rescue in connect'
  activerecord (4.2.2) lib/active_record/connection_adapters/postgresql_adapter.rb:651:in `connect'
  activerecord (4.2.2) lib/active_record/connection_adapters/postgresql_adapter.rb:242:in `initialize'
  activerecord (4.2.2) lib/active_record/connection_adapters/postgresql_adapter.rb:44:in `new'
  activerecord (4.2.2) lib/active_record/connection_adapters/postgresql_adapter.rb:44:in `postgresql_connection'
  activerecord (4.2.2) lib/active_record/connection_adapters/abstract/connection_pool.rb:438:in `new_connection'
  activerecord (4.2.2) lib/active_record/connection_adapters/abstract/connection_pool.rb:448:in `checkout_new_connection'
  activerecord (4.2.2) lib/active_record/connection_adapters/abstract/connection_pool.rb:422:in `acquire_connection'
  activerecord (4.2.2) lib/active_record/connection_adapters/abstract/connection_pool.rb:349:in `block in checkout'
  /usr/local/Cellar/ruby/2.2.2/lib/ruby/2.2.0/monitor.rb:211:in `mon_synchronize'
  activerecord (4.2.2) lib/active_record/connection_adapters/abstract/connection_pool.rb:348:in `checkout'
  activerecord (4.2.2) lib/active_record/connection_adapters/abstract/connection_pool.rb:263:in `block in connection'
  /usr/local/Cellar/ruby/2.2.2/lib/ruby/2.2.0/monitor.rb:211:in `mon_synchronize'
  activerecord (4.2.2) lib/active_record/connection_adapters/abstract/connection_pool.rb:262:in `connection'
  activerecord (4.2.2) lib/active_record/connection_adapters/abstract/connection_pool.rb:567:in `retrieve_connection'
  activerecord (4.2.2) lib/active_record/connection_handling.rb:113:in `retrieve_connection'
  activerecord (4.2.2) lib/active_record/connection_handling.rb:87:in `connection'
  activerecord (4.2.2) lib/active_record/migration.rb:384:in `connection'
  activerecord (4.2.2) lib/active_record/migration.rb:371:in `call'
  actionpack (4.2.2) lib/action_dispatch/middleware/callbacks.rb:29:in `block in call'
  activesupport (4.2.2) lib/active_support/callbacks.rb:88:in `call'
  activesupport (4.2.2) lib/active_support/callbacks.rb:88:in `_run_callbacks'
  activesupport (4.2.2) lib/active_support/callbacks.rb:776:in `_run_call_callbacks'
  activesupport (4.2.2) lib/active_support/callbacks.rb:81:in `run_callbacks'
  actionpack (4.2.2) lib/action_dispatch/middleware/callbacks.rb:27:in `call'
  actionpack (4.2.2) lib/action_dispatch/middleware/reloader.rb:73:in `call'
  actionpack (4.2.2) lib/action_dispatch/middleware/remote_ip.rb:78:in `call'
  actionpack (4.2.2) lib/action_dispatch/middleware/debug_exceptions.rb:17:in `call'
  web-console (2.2.1) lib/web_console/middleware.rb:39:in `call'
  actionpack (4.2.2) lib/action_dispatch/middleware/show_exceptions.rb:30:in `call'
  railties (4.2.2) lib/rails/rack/logger.rb:38:in `call_app'
  railties (4.2.2) lib/rails/rack/logger.rb:20:in `block in call'
  activesupport (4.2.2) lib/active_support/tagged_logging.rb:68:in `block in tagged'
  activesupport (4.2.2) lib/active_support/tagged_logging.rb:26:in `tagged'
  activesupport (4.2.2) lib/active_support/tagged_logging.rb:68:in `tagged'
  railties (4.2.2) lib/rails/rack/logger.rb:20:in `call'
  actionpack (4.2.2) lib/action_dispatch/middleware/request_id.rb:21:in `call'
  rack (1.6.4) lib/rack/methodoverride.rb:22:in `call'
  rack (1.6.4) lib/rack/runtime.rb:18:in `call'
  activesupport (4.2.2) lib/active_support/cache/strategy/local_cache_middleware.rb:28:in `call'
  rack (1.6.4) lib/rack/lock.rb:17:in `call'
  actionpack (4.2.2) lib/action_dispatch/middleware/static.rb:113:in `call'
  rack (1.6.4) lib/rack/sendfile.rb:113:in `call'
  railties (4.2.2) lib/rails/engine.rb:518:in `call'
  railties (4.2.2) lib/rails/application.rb:164:in `call'
  rack (1.6.4) lib/rack/lock.rb:17:in `call'
  rack (1.6.4) lib/rack/content_length.rb:15:in `call'
  rack (1.6.4) lib/rack/handler/webrick.rb:88:in `service'
  /usr/local/Cellar/ruby/2.2.2/lib/ruby/2.2.0/webrick/httpserver.rb:138:in `service'
  /usr/local/Cellar/ruby/2.2.2/lib/ruby/2.2.0/webrick/httpserver.rb:94:in `run'
  /usr/local/Cellar/ruby/2.2.2/lib/ruby/2.2.0/webrick/server.rb:294:in `block in start_thread'


  Rendered /usr/local/lib/ruby/gems/2.2.0/gems/actionpack-4.2.2/lib/action_dispatch/middleware/templates/rescues/_source.erb (4.4ms)
  Rendered /usr/local/lib/ruby/gems/2.2.0/gems/actionpack-4.2.2/lib/action_dispatch/middleware/templates/rescues/_trace.html.erb (2.1ms)
  Rendered /usr/local/lib/ruby/gems/2.2.0/gems/actionpack-4.2.2/lib/action_dispatch/middleware/templates/rescues/_request_and_response.html.erb (1.2ms)
  Rendered /usr/local/lib/ruby/gems/2.2.0/gems/actionpack-4.2.2/lib/action_dispatch/middleware/templates/rescues/diagnostics.html.erb within rescues/layout (60.0ms)
  Rendered /usr/local/lib/ruby/gems/2.2.0/gems/web-console-2.2.1/lib/web_console/templates/_markup.html.erb (0.5ms)
  Rendered /usr/local/lib/ruby/gems/2.2.0/gems/web-console-2.2.1/lib/web_console/templates/_inner_console_markup.html.erb within layouts/inlined_string (0.4ms)
  Rendered /usr/local/lib/ruby/gems/2.2.0/gems/web-console-2.2.1/lib/web_console/templates/_prompt_box_markup.html.erb within layouts/inlined_string (1.1ms)
  Rendered /usr/local/lib/ruby/gems/2.2.0/gems/web-console-2.2.1/lib/web_console/templates/style.css.erb within layouts/inlined_string (0.5ms)
  Rendered /usr/local/lib/ruby/gems/2.2.0/gems/web-console-2.2.1/lib/web_console/templates/console.js.erb within layouts/javascript (58.9ms)
  Rendered /usr/local/lib/ruby/gems/2.2.0/gems/web-console-2.2.1/lib/web_console/templates/main.js.erb within layouts/javascript (0.4ms)
  Rendered /usr/local/lib/ruby/gems/2.2.0/gems/web-console-2.2.1/lib/web_console/templates/error_page.js.erb within layouts/javascript (0.6ms)
  Rendered /usr/local/lib/ruby/gems/2.2.0/gems/web-console-2.2.1/lib/web_console/templates/index.html.erb (121.9ms)


Started GET "/" for 127.0.0.1 at 2015-09-26 12:31:35 +0800

ActiveRecord::NoDatabaseError (FATAL:  database "cf_test" does not exist
):
  activerecord (4.2.2) lib/active_record/connection_adapters/postgresql_adapter.rb:661:in `rescue in connect'
  activerecord (4.2.2) lib/active_record/connection_adapters/postgresql_adapter.rb:651:in `connect'
  activerecord (4.2.2) lib/active_record/connection_adapters/postgresql_adapter.rb:242:in `initialize'
  activerecord (4.2.2) lib/active_record/connection_adapters/postgresql_adapter.rb:44:in `new'
  activerecord (4.2.2) lib/active_record/connection_adapters/postgresql_adapter.rb:44:in `postgresql_connection'
  activerecord (4.2.2) lib/active_record/connection_adapters/abstract/connection_pool.rb:438:in `new_connection'
  activerecord (4.2.2) lib/active_record/connection_adapters/abstract/connection_pool.rb:448:in `checkout_new_connection'
  activerecord (4.2.2) lib/active_record/connection_adapters/abstract/connection_pool.rb:422:in `acquire_connection'
  activerecord (4.2.2) lib/active_record/connection_adapters/abstract/connection_pool.rb:349:in `block in checkout'
  /usr/local/Cellar/ruby/2.2.2/lib/ruby/2.2.0/monitor.rb:211:in `mon_synchronize'
  activerecord (4.2.2) lib/active_record/connection_adapters/abstract/connection_pool.rb:348:in `checkout'
  activerecord (4.2.2) lib/active_record/connection_adapters/abstract/connection_pool.rb:263:in `block in connection'
  /usr/local/Cellar/ruby/2.2.2/lib/ruby/2.2.0/monitor.rb:211:in `mon_synchronize'
  activerecord (4.2.2) lib/active_record/connection_adapters/abstract/connection_pool.rb:262:in `connection'
  activerecord (4.2.2) lib/active_record/connection_adapters/abstract/connection_pool.rb:567:in `retrieve_connection'
  activerecord (4.2.2) lib/active_record/connection_handling.rb:113:in `retrieve_connection'
  activerecord (4.2.2) lib/active_record/connection_handling.rb:87:in `connection'
  activerecord (4.2.2) lib/active_record/migration.rb:384:in `connection'
  activerecord (4.2.2) lib/active_record/migration.rb:371:in `call'
  actionpack (4.2.2) lib/action_dispatch/middleware/callbacks.rb:29:in `block in call'
  activesupport (4.2.2) lib/active_support/callbacks.rb:88:in `call'
  activesupport (4.2.2) lib/active_support/callbacks.rb:88:in `_run_callbacks'
  activesupport (4.2.2) lib/active_support/callbacks.rb:776:in `_run_call_callbacks'
  activesupport (4.2.2) lib/active_support/callbacks.rb:81:in `run_callbacks'
  actionpack (4.2.2) lib/action_dispatch/middleware/callbacks.rb:27:in `call'
  actionpack (4.2.2) lib/action_dispatch/middleware/reloader.rb:73:in `call'
  actionpack (4.2.2) lib/action_dispatch/middleware/remote_ip.rb:78:in `call'
  actionpack (4.2.2) lib/action_dispatch/middleware/debug_exceptions.rb:17:in `call'
  web-console (2.2.1) lib/web_console/middleware.rb:39:in `call'
  actionpack (4.2.2) lib/action_dispatch/middleware/show_exceptions.rb:30:in `call'
  railties (4.2.2) lib/rails/rack/logger.rb:38:in `call_app'
  railties (4.2.2) lib/rails/rack/logger.rb:20:in `block in call'
  activesupport (4.2.2) lib/active_support/tagged_logging.rb:68:in `block in tagged'
  activesupport (4.2.2) lib/active_support/tagged_logging.rb:26:in `tagged'
  activesupport (4.2.2) lib/active_support/tagged_logging.rb:68:in `tagged'
  railties (4.2.2) lib/rails/rack/logger.rb:20:in `call'
  actionpack (4.2.2) lib/action_dispatch/middleware/request_id.rb:21:in `call'
  rack (1.6.4) lib/rack/methodoverride.rb:22:in `call'
  rack (1.6.4) lib/rack/runtime.rb:18:in `call'
  activesupport (4.2.2) lib/active_support/cache/strategy/local_cache_middleware.rb:28:in `call'
  rack (1.6.4) lib/rack/lock.rb:17:in `call'
  actionpack (4.2.2) lib/action_dispatch/middleware/static.rb:113:in `call'
  rack (1.6.4) lib/rack/sendfile.rb:113:in `call'
  railties (4.2.2) lib/rails/engine.rb:518:in `call'
  railties (4.2.2) lib/rails/application.rb:164:in `call'
  rack (1.6.4) lib/rack/lock.rb:17:in `call'
  rack (1.6.4) lib/rack/content_length.rb:15:in `call'
  rack (1.6.4) lib/rack/handler/webrick.rb:88:in `service'
  /usr/local/Cellar/ruby/2.2.2/lib/ruby/2.2.0/webrick/httpserver.rb:138:in `service'
  /usr/local/Cellar/ruby/2.2.2/lib/ruby/2.2.0/webrick/httpserver.rb:94:in `run'
  /usr/local/Cellar/ruby/2.2.2/lib/ruby/2.2.0/webrick/server.rb:294:in `block in start_thread'


  Rendered /usr/local/lib/ruby/gems/2.2.0/gems/actionpack-4.2.2/lib/action_dispatch/middleware/templates/rescues/_source.erb (3.8ms)
  Rendered /usr/local/lib/ruby/gems/2.2.0/gems/actionpack-4.2.2/lib/action_dispatch/middleware/templates/rescues/_trace.html.erb (2.0ms)
  Rendered /usr/local/lib/ruby/gems/2.2.0/gems/actionpack-4.2.2/lib/action_dispatch/middleware/templates/rescues/_request_and_response.html.erb (1.2ms)
  Rendered /usr/local/lib/ruby/gems/2.2.0/gems/actionpack-4.2.2/lib/action_dispatch/middleware/templates/rescues/diagnostics.html.erb within rescues/layout (68.7ms)
  Rendered /usr/local/lib/ruby/gems/2.2.0/gems/web-console-2.2.1/lib/web_console/templates/_markup.html.erb (0.5ms)
  Rendered /usr/local/lib/ruby/gems/2.2.0/gems/web-console-2.2.1/lib/web_console/templates/_inner_console_markup.html.erb within layouts/inlined_string (0.4ms)
  Rendered /usr/local/lib/ruby/gems/2.2.0/gems/web-console-2.2.1/lib/web_console/templates/_prompt_box_markup.html.erb within layouts/inlined_string (0.3ms)
  Rendered /usr/local/lib/ruby/gems/2.2.0/gems/web-console-2.2.1/lib/web_console/templates/style.css.erb within layouts/inlined_string (0.3ms)
  Rendered /usr/local/lib/ruby/gems/2.2.0/gems/web-console-2.2.1/lib/web_console/templates/console.js.erb within layouts/javascript (46.2ms)
  Rendered /usr/local/lib/ruby/gems/2.2.0/gems/web-console-2.2.1/lib/web_console/templates/main.js.erb within layouts/javascript (0.4ms)
  Rendered /usr/local/lib/ruby/gems/2.2.0/gems/web-console-2.2.1/lib/web_console/templates/error_page.js.erb within layouts/javascript (0.4ms)
  Rendered /usr/local/lib/ruby/gems/2.2.0/gems/web-console-2.2.1/lib/web_console/templates/index.html.erb (119.8ms)


Started GET "/" for 127.0.0.1 at 2015-09-26 12:31:39 +0800

ActiveRecord::NoDatabaseError (FATAL:  database "cf_test" does not exist
):
  activerecord (4.2.2) lib/active_record/connection_adapters/postgresql_adapter.rb:661:in `rescue in connect'
  activerecord (4.2.2) lib/active_record/connection_adapters/postgresql_adapter.rb:651:in `connect'
  activerecord (4.2.2) lib/active_record/connection_adapters/postgresql_adapter.rb:242:in `initialize'
  activerecord (4.2.2) lib/active_record/connection_adapters/postgresql_adapter.rb:44:in `new'
  activerecord (4.2.2) lib/active_record/connection_adapters/postgresql_adapter.rb:44:in `postgresql_connection'
  activerecord (4.2.2) lib/active_record/connection_adapters/abstract/connection_pool.rb:438:in `new_connection'
  activerecord (4.2.2) lib/active_record/connection_adapters/abstract/connection_pool.rb:448:in `checkout_new_connection'
  activerecord (4.2.2) lib/active_record/connection_adapters/abstract/connection_pool.rb:422:in `acquire_connection'
  activerecord (4.2.2) lib/active_record/connection_adapters/abstract/connection_pool.rb:349:in `block in checkout'
  /usr/local/Cellar/ruby/2.2.2/lib/ruby/2.2.0/monitor.rb:211:in `mon_synchronize'
  activerecord (4.2.2) lib/active_record/connection_adapters/abstract/connection_pool.rb:348:in `checkout'
  activerecord (4.2.2) lib/active_record/connection_adapters/abstract/connection_pool.rb:263:in `block in connection'
  /usr/local/Cellar/ruby/2.2.2/lib/ruby/2.2.0/monitor.rb:211:in `mon_synchronize'
  activerecord (4.2.2) lib/active_record/connection_adapters/abstract/connection_pool.rb:262:in `connection'
  activerecord (4.2.2) lib/active_record/connection_adapters/abstract/connection_pool.rb:567:in `retrieve_connection'
  activerecord (4.2.2) lib/active_record/connection_handling.rb:113:in `retrieve_connection'
  activerecord (4.2.2) lib/active_record/connection_handling.rb:87:in `connection'
  activerecord (4.2.2) lib/active_record/migration.rb:384:in `connection'
  activerecord (4.2.2) lib/active_record/migration.rb:371:in `call'
  actionpack (4.2.2) lib/action_dispatch/middleware/callbacks.rb:29:in `block in call'
  activesupport (4.2.2) lib/active_support/callbacks.rb:88:in `call'
  activesupport (4.2.2) lib/active_support/callbacks.rb:88:in `_run_callbacks'
  activesupport (4.2.2) lib/active_support/callbacks.rb:776:in `_run_call_callbacks'
  activesupport (4.2.2) lib/active_support/callbacks.rb:81:in `run_callbacks'
  actionpack (4.2.2) lib/action_dispatch/middleware/callbacks.rb:27:in `call'
  actionpack (4.2.2) lib/action_dispatch/middleware/reloader.rb:73:in `call'
  actionpack (4.2.2) lib/action_dispatch/middleware/remote_ip.rb:78:in `call'
  actionpack (4.2.2) lib/action_dispatch/middleware/debug_exceptions.rb:17:in `call'
  web-console (2.2.1) lib/web_console/middleware.rb:39:in `call'
  actionpack (4.2.2) lib/action_dispatch/middleware/show_exceptions.rb:30:in `call'
  railties (4.2.2) lib/rails/rack/logger.rb:38:in `call_app'
  railties (4.2.2) lib/rails/rack/logger.rb:20:in `block in call'
  activesupport (4.2.2) lib/active_support/tagged_logging.rb:68:in `block in tagged'
  activesupport (4.2.2) lib/active_support/tagged_logging.rb:26:in `tagged'
  activesupport (4.2.2) lib/active_support/tagged_logging.rb:68:in `tagged'
  railties (4.2.2) lib/rails/rack/logger.rb:20:in `call'
  actionpack (4.2.2) lib/action_dispatch/middleware/request_id.rb:21:in `call'
  rack (1.6.4) lib/rack/methodoverride.rb:22:in `call'
  rack (1.6.4) lib/rack/runtime.rb:18:in `call'
  activesupport (4.2.2) lib/active_support/cache/strategy/local_cache_middleware.rb:28:in `call'
  rack (1.6.4) lib/rack/lock.rb:17:in `call'
  actionpack (4.2.2) lib/action_dispatch/middleware/static.rb:113:in `call'
  rack (1.6.4) lib/rack/sendfile.rb:113:in `call'
  railties (4.2.2) lib/rails/engine.rb:518:in `call'
  railties (4.2.2) lib/rails/application.rb:164:in `call'
  rack (1.6.4) lib/rack/lock.rb:17:in `call'
  rack (1.6.4) lib/rack/content_length.rb:15:in `call'
  rack (1.6.4) lib/rack/handler/webrick.rb:88:in `service'
  /usr/local/Cellar/ruby/2.2.2/lib/ruby/2.2.0/webrick/httpserver.rb:138:in `service'
  /usr/local/Cellar/ruby/2.2.2/lib/ruby/2.2.0/webrick/httpserver.rb:94:in `run'
  /usr/local/Cellar/ruby/2.2.2/lib/ruby/2.2.0/webrick/server.rb:294:in `block in start_thread'


  Rendered /usr/local/lib/ruby/gems/2.2.0/gems/actionpack-4.2.2/lib/action_dispatch/middleware/templates/rescues/_source.erb (9.3ms)
  Rendered /usr/local/lib/ruby/gems/2.2.0/gems/actionpack-4.2.2/lib/action_dispatch/middleware/templates/rescues/_trace.html.erb (2.4ms)
  Rendered /usr/local/lib/ruby/gems/2.2.0/gems/actionpack-4.2.2/lib/action_dispatch/middleware/templates/rescues/_request_and_response.html.erb (0.9ms)
  Rendered /usr/local/lib/ruby/gems/2.2.0/gems/actionpack-4.2.2/lib/action_dispatch/middleware/templates/rescues/diagnostics.html.erb within rescues/layout (68.4ms)
  Rendered /usr/local/lib/ruby/gems/2.2.0/gems/web-console-2.2.1/lib/web_console/templates/_markup.html.erb (0.4ms)
  Rendered /usr/local/lib/ruby/gems/2.2.0/gems/web-console-2.2.1/lib/web_console/templates/_inner_console_markup.html.erb within layouts/inlined_string (0.4ms)
  Rendered /usr/local/lib/ruby/gems/2.2.0/gems/web-console-2.2.1/lib/web_console/templates/_prompt_box_markup.html.erb within layouts/inlined_string (0.3ms)
  Rendered /usr/local/lib/ruby/gems/2.2.0/gems/web-console-2.2.1/lib/web_console/templates/style.css.erb within layouts/inlined_string (0.4ms)
  Rendered /usr/local/lib/ruby/gems/2.2.0/gems/web-console-2.2.1/lib/web_console/templates/console.js.erb within layouts/javascript (44.5ms)
  Rendered /usr/local/lib/ruby/gems/2.2.0/gems/web-console-2.2.1/lib/web_console/templates/main.js.erb within layouts/javascript (0.3ms)
  Rendered /usr/local/lib/ruby/gems/2.2.0/gems/web-console-2.2.1/lib/web_console/templates/error_page.js.erb within layouts/javascript (0.8ms)
  Rendered /usr/local/lib/ruby/gems/2.2.0/gems/web-console-2.2.1/lib/web_console/templates/index.html.erb (108.2ms)


Started GET "/" for ::1 at 2015-09-26 12:32:02 +0800

ActiveRecord::NoDatabaseError (FATAL:  database "cf_test" does not exist
):
  activerecord (4.2.2) lib/active_record/connection_adapters/postgresql_adapter.rb:661:in `rescue in connect'
  activerecord (4.2.2) lib/active_record/connection_adapters/postgresql_adapter.rb:651:in `connect'
  activerecord (4.2.2) lib/active_record/connection_adapters/postgresql_adapter.rb:242:in `initialize'
  activerecord (4.2.2) lib/active_record/connection_adapters/postgresql_adapter.rb:44:in `new'
  activerecord (4.2.2) lib/active_record/connection_adapters/postgresql_adapter.rb:44:in `postgresql_connection'
  activerecord (4.2.2) lib/active_record/connection_adapters/abstract/connection_pool.rb:438:in `new_connection'
  activerecord (4.2.2) lib/active_record/connection_adapters/abstract/connection_pool.rb:448:in `checkout_new_connection'
  activerecord (4.2.2) lib/active_record/connection_adapters/abstract/connection_pool.rb:422:in `acquire_connection'
  activerecord (4.2.2) lib/active_record/connection_adapters/abstract/connection_pool.rb:349:in `block in checkout'
  /usr/local/Cellar/ruby/2.2.2/lib/ruby/2.2.0/monitor.rb:211:in `mon_synchronize'
  activerecord (4.2.2) lib/active_record/connection_adapters/abstract/connection_pool.rb:348:in `checkout'
  activerecord (4.2.2) lib/active_record/connection_adapters/abstract/connection_pool.rb:263:in `block in connection'
  /usr/local/Cellar/ruby/2.2.2/lib/ruby/2.2.0/monitor.rb:211:in `mon_synchronize'
  activerecord (4.2.2) lib/active_record/connection_adapters/abstract/connection_pool.rb:262:in `connection'
  activerecord (4.2.2) lib/active_record/connection_adapters/abstract/connection_pool.rb:567:in `retrieve_connection'
  activerecord (4.2.2) lib/active_record/connection_handling.rb:113:in `retrieve_connection'
  activerecord (4.2.2) lib/active_record/connection_handling.rb:87:in `connection'
  activerecord (4.2.2) lib/active_record/migration.rb:384:in `connection'
  activerecord (4.2.2) lib/active_record/migration.rb:371:in `call'
  actionpack (4.2.2) lib/action_dispatch/middleware/callbacks.rb:29:in `block in call'
  activesupport (4.2.2) lib/active_support/callbacks.rb:88:in `call'
  activesupport (4.2.2) lib/active_support/callbacks.rb:88:in `_run_callbacks'
  activesupport (4.2.2) lib/active_support/callbacks.rb:776:in `_run_call_callbacks'
  activesupport (4.2.2) lib/active_support/callbacks.rb:81:in `run_callbacks'
  actionpack (4.2.2) lib/action_dispatch/middleware/callbacks.rb:27:in `call'
  actionpack (4.2.2) lib/action_dispatch/middleware/reloader.rb:73:in `call'
  actionpack (4.2.2) lib/action_dispatch/middleware/remote_ip.rb:78:in `call'
  actionpack (4.2.2) lib/action_dispatch/middleware/debug_exceptions.rb:17:in `call'
  web-console (2.2.1) lib/web_console/middleware.rb:39:in `call'
  actionpack (4.2.2) lib/action_dispatch/middleware/show_exceptions.rb:30:in `call'
  railties (4.2.2) lib/rails/rack/logger.rb:38:in `call_app'
  railties (4.2.2) lib/rails/rack/logger.rb:20:in `block in call'
  activesupport (4.2.2) lib/active_support/tagged_logging.rb:68:in `block in tagged'
  activesupport (4.2.2) lib/active_support/tagged_logging.rb:26:in `tagged'
  activesupport (4.2.2) lib/active_support/tagged_logging.rb:68:in `tagged'
  railties (4.2.2) lib/rails/rack/logger.rb:20:in `call'
  actionpack (4.2.2) lib/action_dispatch/middleware/request_id.rb:21:in `call'
  rack (1.6.4) lib/rack/methodoverride.rb:22:in `call'
  rack (1.6.4) lib/rack/runtime.rb:18:in `call'
  activesupport (4.2.2) lib/active_support/cache/strategy/local_cache_middleware.rb:28:in `call'
  rack (1.6.4) lib/rack/lock.rb:17:in `call'
  actionpack (4.2.2) lib/action_dispatch/middleware/static.rb:113:in `call'
  rack (1.6.4) lib/rack/sendfile.rb:113:in `call'
  railties (4.2.2) lib/rails/engine.rb:518:in `call'
  railties (4.2.2) lib/rails/application.rb:164:in `call'
  rack (1.6.4) lib/rack/lock.rb:17:in `call'
  rack (1.6.4) lib/rack/content_length.rb:15:in `call'
  rack (1.6.4) lib/rack/handler/webrick.rb:88:in `service'
  /usr/local/Cellar/ruby/2.2.2/lib/ruby/2.2.0/webrick/httpserver.rb:138:in `service'
  /usr/local/Cellar/ruby/2.2.2/lib/ruby/2.2.0/webrick/httpserver.rb:94:in `run'
  /usr/local/Cellar/ruby/2.2.2/lib/ruby/2.2.0/webrick/server.rb:294:in `block in start_thread'


  Rendered /usr/local/lib/ruby/gems/2.2.0/gems/actionpack-4.2.2/lib/action_dispatch/middleware/templates/rescues/_source.erb (5.8ms)
  Rendered /usr/local/lib/ruby/gems/2.2.0/gems/actionpack-4.2.2/lib/action_dispatch/middleware/templates/rescues/_trace.html.erb (2.7ms)
  Rendered /usr/local/lib/ruby/gems/2.2.0/gems/actionpack-4.2.2/lib/action_dispatch/middleware/templates/rescues/_request_and_response.html.erb (1.1ms)
  Rendered /usr/local/lib/ruby/gems/2.2.0/gems/actionpack-4.2.2/lib/action_dispatch/middleware/templates/rescues/diagnostics.html.erb within rescues/layout (66.9ms)
  Rendered /usr/local/lib/ruby/gems/2.2.0/gems/web-console-2.2.1/lib/web_console/templates/_markup.html.erb (0.7ms)
  Rendered /usr/local/lib/ruby/gems/2.2.0/gems/web-console-2.2.1/lib/web_console/templates/_inner_console_markup.html.erb within layouts/inlined_string (0.4ms)
  Rendered /usr/local/lib/ruby/gems/2.2.0/gems/web-console-2.2.1/lib/web_console/templates/_prompt_box_markup.html.erb within layouts/inlined_string (0.3ms)
  Rendered /usr/local/lib/ruby/gems/2.2.0/gems/web-console-2.2.1/lib/web_console/templates/style.css.erb within layouts/inlined_string (0.5ms)
  Rendered /usr/local/lib/ruby/gems/2.2.0/gems/web-console-2.2.1/lib/web_console/templates/console.js.erb within layouts/javascript (50.6ms)
  Rendered /usr/local/lib/ruby/gems/2.2.0/gems/web-console-2.2.1/lib/web_console/templates/main.js.erb within layouts/javascript (0.3ms)
  Rendered /usr/local/lib/ruby/gems/2.2.0/gems/web-console-2.2.1/lib/web_console/templates/error_page.js.erb within layouts/javascript (0.5ms)
  Rendered /usr/local/lib/ruby/gems/2.2.0/gems/web-console-2.2.1/lib/web_console/templates/index.html.erb (113.5ms)


Started GET "/" for ::1 at 2015-09-26 12:32:04 +0800

ActiveRecord::NoDatabaseError (FATAL:  database "cf_test" does not exist
):
  activerecord (4.2.2) lib/active_record/connection_adapters/postgresql_adapter.rb:661:in `rescue in connect'
  activerecord (4.2.2) lib/active_record/connection_adapters/postgresql_adapter.rb:651:in `connect'
  activerecord (4.2.2) lib/active_record/connection_adapters/postgresql_adapter.rb:242:in `initialize'
  activerecord (4.2.2) lib/active_record/connection_adapters/postgresql_adapter.rb:44:in `new'
  activerecord (4.2.2) lib/active_record/connection_adapters/postgresql_adapter.rb:44:in `postgresql_connection'
  activerecord (4.2.2) lib/active_record/connection_adapters/abstract/connection_pool.rb:438:in `new_connection'
  activerecord (4.2.2) lib/active_record/connection_adapters/abstract/connection_pool.rb:448:in `checkout_new_connection'
  activerecord (4.2.2) lib/active_record/connection_adapters/abstract/connection_pool.rb:422:in `acquire_connection'
  activerecord (4.2.2) lib/active_record/connection_adapters/abstract/connection_pool.rb:349:in `block in checkout'
  /usr/local/Cellar/ruby/2.2.2/lib/ruby/2.2.0/monitor.rb:211:in `mon_synchronize'
  activerecord (4.2.2) lib/active_record/connection_adapters/abstract/connection_pool.rb:348:in `checkout'
  activerecord (4.2.2) lib/active_record/connection_adapters/abstract/connection_pool.rb:263:in `block in connection'
  /usr/local/Cellar/ruby/2.2.2/lib/ruby/2.2.0/monitor.rb:211:in `mon_synchronize'
  activerecord (4.2.2) lib/active_record/connection_adapters/abstract/connection_pool.rb:262:in `connection'
  activerecord (4.2.2) lib/active_record/connection_adapters/abstract/connection_pool.rb:567:in `retrieve_connection'
  activerecord (4.2.2) lib/active_record/connection_handling.rb:113:in `retrieve_connection'
  activerecord (4.2.2) lib/active_record/connection_handling.rb:87:in `connection'
  activerecord (4.2.2) lib/active_record/migration.rb:384:in `connection'
  activerecord (4.2.2) lib/active_record/migration.rb:371:in `call'
  actionpack (4.2.2) lib/action_dispatch/middleware/callbacks.rb:29:in `block in call'
  activesupport (4.2.2) lib/active_support/callbacks.rb:88:in `call'
  activesupport (4.2.2) lib/active_support/callbacks.rb:88:in `_run_callbacks'
  activesupport (4.2.2) lib/active_support/callbacks.rb:776:in `_run_call_callbacks'
  activesupport (4.2.2) lib/active_support/callbacks.rb:81:in `run_callbacks'
  actionpack (4.2.2) lib/action_dispatch/middleware/callbacks.rb:27:in `call'
  actionpack (4.2.2) lib/action_dispatch/middleware/reloader.rb:73:in `call'
  actionpack (4.2.2) lib/action_dispatch/middleware/remote_ip.rb:78:in `call'
  actionpack (4.2.2) lib/action_dispatch/middleware/debug_exceptions.rb:17:in `call'
  web-console (2.2.1) lib/web_console/middleware.rb:39:in `call'
  actionpack (4.2.2) lib/action_dispatch/middleware/show_exceptions.rb:30:in `call'
  railties (4.2.2) lib/rails/rack/logger.rb:38:in `call_app'
  railties (4.2.2) lib/rails/rack/logger.rb:20:in `block in call'
  activesupport (4.2.2) lib/active_support/tagged_logging.rb:68:in `block in tagged'
  activesupport (4.2.2) lib/active_support/tagged_logging.rb:26:in `tagged'
  activesupport (4.2.2) lib/active_support/tagged_logging.rb:68:in `tagged'
  railties (4.2.2) lib/rails/rack/logger.rb:20:in `call'
  actionpack (4.2.2) lib/action_dispatch/middleware/request_id.rb:21:in `call'
  rack (1.6.4) lib/rack/methodoverride.rb:22:in `call'
  rack (1.6.4) lib/rack/runtime.rb:18:in `call'
  activesupport (4.2.2) lib/active_support/cache/strategy/local_cache_middleware.rb:28:in `call'
  rack (1.6.4) lib/rack/lock.rb:17:in `call'
  actionpack (4.2.2) lib/action_dispatch/middleware/static.rb:113:in `call'
  rack (1.6.4) lib/rack/sendfile.rb:113:in `call'
  railties (4.2.2) lib/rails/engine.rb:518:in `call'
  railties (4.2.2) lib/rails/application.rb:164:in `call'
  rack (1.6.4) lib/rack/lock.rb:17:in `call'
  rack (1.6.4) lib/rack/content_length.rb:15:in `call'
  rack (1.6.4) lib/rack/handler/webrick.rb:88:in `service'
  /usr/local/Cellar/ruby/2.2.2/lib/ruby/2.2.0/webrick/httpserver.rb:138:in `service'
  /usr/local/Cellar/ruby/2.2.2/lib/ruby/2.2.0/webrick/httpserver.rb:94:in `run'
  /usr/local/Cellar/ruby/2.2.2/lib/ruby/2.2.0/webrick/server.rb:294:in `block in start_thread'


  Rendered /usr/local/lib/ruby/gems/2.2.0/gems/actionpack-4.2.2/lib/action_dispatch/middleware/templates/rescues/_source.erb (4.2ms)
  Rendered /usr/local/lib/ruby/gems/2.2.0/gems/actionpack-4.2.2/lib/action_dispatch/middleware/templates/rescues/_trace.html.erb (2.2ms)
  Rendered /usr/local/lib/ruby/gems/2.2.0/gems/actionpack-4.2.2/lib/action_dispatch/middleware/templates/rescues/_request_and_response.html.erb (1.4ms)
  Rendered /usr/local/lib/ruby/gems/2.2.0/gems/actionpack-4.2.2/lib/action_dispatch/middleware/templates/rescues/diagnostics.html.erb within rescues/layout (60.2ms)
  Rendered /usr/local/lib/ruby/gems/2.2.0/gems/web-console-2.2.1/lib/web_console/templates/_markup.html.erb (0.4ms)
  Rendered /usr/local/lib/ruby/gems/2.2.0/gems/web-console-2.2.1/lib/web_console/templates/_inner_console_markup.html.erb within layouts/inlined_string (0.3ms)
  Rendered /usr/local/lib/ruby/gems/2.2.0/gems/web-console-2.2.1/lib/web_console/templates/_prompt_box_markup.html.erb within layouts/inlined_string (0.6ms)
  Rendered /usr/local/lib/ruby/gems/2.2.0/gems/web-console-2.2.1/lib/web_console/templates/style.css.erb within layouts/inlined_string (0.5ms)
  Rendered /usr/local/lib/ruby/gems/2.2.0/gems/web-console-2.2.1/lib/web_console/templates/console.js.erb within layouts/javascript (59.6ms)
  Rendered /usr/local/lib/ruby/gems/2.2.0/gems/web-console-2.2.1/lib/web_console/templates/main.js.erb within layouts/javascript (0.4ms)
  Rendered /usr/local/lib/ruby/gems/2.2.0/gems/web-console-2.2.1/lib/web_console/templates/error_page.js.erb within layouts/javascript (0.4ms)
  Rendered /usr/local/lib/ruby/gems/2.2.0/gems/web-console-2.2.1/lib/web_console/templates/index.html.erb (116.1ms)


Started GET "/" for ::1 at 2015-09-26 12:32:12 +0800

ActiveRecord::NoDatabaseError (FATAL:  database "cf_test" does not exist
):
  activerecord (4.2.2) lib/active_record/connection_adapters/postgresql_adapter.rb:661:in `rescue in connect'
  activerecord (4.2.2) lib/active_record/connection_adapters/postgresql_adapter.rb:651:in `connect'
  activerecord (4.2.2) lib/active_record/connection_adapters/postgresql_adapter.rb:242:in `initialize'
  activerecord (4.2.2) lib/active_record/connection_adapters/postgresql_adapter.rb:44:in `new'
  activerecord (4.2.2) lib/active_record/connection_adapters/postgresql_adapter.rb:44:in `postgresql_connection'
  activerecord (4.2.2) lib/active_record/connection_adapters/abstract/connection_pool.rb:438:in `new_connection'
  activerecord (4.2.2) lib/active_record/connection_adapters/abstract/connection_pool.rb:448:in `checkout_new_connection'
  activerecord (4.2.2) lib/active_record/connection_adapters/abstract/connection_pool.rb:422:in `acquire_connection'
  activerecord (4.2.2) lib/active_record/connection_adapters/abstract/connection_pool.rb:349:in `block in checkout'
  /usr/local/Cellar/ruby/2.2.2/lib/ruby/2.2.0/monitor.rb:211:in `mon_synchronize'
  activerecord (4.2.2) lib/active_record/connection_adapters/abstract/connection_pool.rb:348:in `checkout'
  activerecord (4.2.2) lib/active_record/connection_adapters/abstract/connection_pool.rb:263:in `block in connection'
  /usr/local/Cellar/ruby/2.2.2/lib/ruby/2.2.0/monitor.rb:211:in `mon_synchronize'
  activerecord (4.2.2) lib/active_record/connection_adapters/abstract/connection_pool.rb:262:in `connection'
  activerecord (4.2.2) lib/active_record/connection_adapters/abstract/connection_pool.rb:567:in `retrieve_connection'
  activerecord (4.2.2) lib/active_record/connection_handling.rb:113:in `retrieve_connection'
  activerecord (4.2.2) lib/active_record/connection_handling.rb:87:in `connection'
  activerecord (4.2.2) lib/active_record/migration.rb:384:in `connection'
  activerecord (4.2.2) lib/active_record/migration.rb:371:in `call'
  actionpack (4.2.2) lib/action_dispatch/middleware/callbacks.rb:29:in `block in call'
  activesupport (4.2.2) lib/active_support/callbacks.rb:88:in `call'
  activesupport (4.2.2) lib/active_support/callbacks.rb:88:in `_run_callbacks'
  activesupport (4.2.2) lib/active_support/callbacks.rb:776:in `_run_call_callbacks'
  activesupport (4.2.2) lib/active_support/callbacks.rb:81:in `run_callbacks'
  actionpack (4.2.2) lib/action_dispatch/middleware/callbacks.rb:27:in `call'
  actionpack (4.2.2) lib/action_dispatch/middleware/reloader.rb:73:in `call'
  actionpack (4.2.2) lib/action_dispatch/middleware/remote_ip.rb:78:in `call'
  actionpack (4.2.2) lib/action_dispatch/middleware/debug_exceptions.rb:17:in `call'
  web-console (2.2.1) lib/web_console/middleware.rb:39:in `call'
  actionpack (4.2.2) lib/action_dispatch/middleware/show_exceptions.rb:30:in `call'
  railties (4.2.2) lib/rails/rack/logger.rb:38:in `call_app'
  railties (4.2.2) lib/rails/rack/logger.rb:20:in `block in call'
  activesupport (4.2.2) lib/active_support/tagged_logging.rb:68:in `block in tagged'
  activesupport (4.2.2) lib/active_support/tagged_logging.rb:26:in `tagged'
  activesupport (4.2.2) lib/active_support/tagged_logging.rb:68:in `tagged'
  railties (4.2.2) lib/rails/rack/logger.rb:20:in `call'
  actionpack (4.2.2) lib/action_dispatch/middleware/request_id.rb:21:in `call'
  rack (1.6.4) lib/rack/methodoverride.rb:22:in `call'
  rack (1.6.4) lib/rack/runtime.rb:18:in `call'
  activesupport (4.2.2) lib/active_support/cache/strategy/local_cache_middleware.rb:28:in `call'
  rack (1.6.4) lib/rack/lock.rb:17:in `call'
  actionpack (4.2.2) lib/action_dispatch/middleware/static.rb:113:in `call'
  rack (1.6.4) lib/rack/sendfile.rb:113:in `call'
  railties (4.2.2) lib/rails/engine.rb:518:in `call'
  railties (4.2.2) lib/rails/application.rb:164:in `call'
  rack (1.6.4) lib/rack/lock.rb:17:in `call'
  rack (1.6.4) lib/rack/content_length.rb:15:in `call'
  rack (1.6.4) lib/rack/handler/webrick.rb:88:in `service'
  /usr/local/Cellar/ruby/2.2.2/lib/ruby/2.2.0/webrick/httpserver.rb:138:in `service'
  /usr/local/Cellar/ruby/2.2.2/lib/ruby/2.2.0/webrick/httpserver.rb:94:in `run'
  /usr/local/Cellar/ruby/2.2.2/lib/ruby/2.2.0/webrick/server.rb:294:in `block in start_thread'


  Rendered /usr/local/lib/ruby/gems/2.2.0/gems/actionpack-4.2.2/lib/action_dispatch/middleware/templates/rescues/_source.erb (3.5ms)
  Rendered /usr/local/lib/ruby/gems/2.2.0/gems/actionpack-4.2.2/lib/action_dispatch/middleware/templates/rescues/_trace.html.erb (2.7ms)
  Rendered /usr/local/lib/ruby/gems/2.2.0/gems/actionpack-4.2.2/lib/action_dispatch/middleware/templates/rescues/_request_and_response.html.erb (1.0ms)
  Rendered /usr/local/lib/ruby/gems/2.2.0/gems/actionpack-4.2.2/lib/action_dispatch/middleware/templates/rescues/diagnostics.html.erb within rescues/layout (69.0ms)
  Rendered /usr/local/lib/ruby/gems/2.2.0/gems/web-console-2.2.1/lib/web_console/templates/_markup.html.erb (0.4ms)
  Rendered /usr/local/lib/ruby/gems/2.2.0/gems/web-console-2.2.1/lib/web_console/templates/_inner_console_markup.html.erb within layouts/inlined_string (0.4ms)
  Rendered /usr/local/lib/ruby/gems/2.2.0/gems/web-console-2.2.1/lib/web_console/templates/_prompt_box_markup.html.erb within layouts/inlined_string (0.4ms)
  Rendered /usr/local/lib/ruby/gems/2.2.0/gems/web-console-2.2.1/lib/web_console/templates/style.css.erb within layouts/inlined_string (0.4ms)
  Rendered /usr/local/lib/ruby/gems/2.2.0/gems/web-console-2.2.1/lib/web_console/templates/console.js.erb within layouts/javascript (57.1ms)
  Rendered /usr/local/lib/ruby/gems/2.2.0/gems/web-console-2.2.1/lib/web_console/templates/main.js.erb within layouts/javascript (0.3ms)
  Rendered /usr/local/lib/ruby/gems/2.2.0/gems/web-console-2.2.1/lib/web_console/templates/error_page.js.erb within layouts/javascript (0.6ms)
  Rendered /usr/local/lib/ruby/gems/2.2.0/gems/web-console-2.2.1/lib/web_console/templates/index.html.erb (121.6ms)


Started GET "/" for ::1 at 2015-09-26 12:32:50 +0800
Processing by Rails::WelcomeController#index as HTML
  Rendered /usr/local/lib/ruby/gems/2.2.0/gems/railties-4.2.2/lib/rails/templates/rails/welcome/index.html.erb (1.8ms)
Completed 200 OK in 19ms (Views: 9.0ms | ActiveRecord: 0.0ms)


Started GET "/" for ::1 at 2015-09-26 12:35:37 +0800
Processing by ApplicationController#hello as HTML
  Rendered text template (0.0ms)
Completed 200 OK in 2ms (Views: 1.7ms | ActiveRecord: 0.0ms)


Started GET "/" for ::1 at 2015-09-26 12:42:18 +0800
Processing by ApplicationController#hello as HTML
  Rendered text template (0.0ms)
Completed 200 OK in 1ms (Views: 0.3ms | ActiveRecord: 0.0ms)
